2017-06-07 13:35:05,139 INFO [hulva.luva.demo.networkFramework.netty.demo.demo2.HttpServer] - Http Server listening on 8844...
2017-06-07 13:35:39,305 ERROR [hulva.luva.demo.networkFramework.netty.demo.demo2.HttpServerInboundHandler] - An existing connection was forcibly closed by the remote host
2017-06-07 13:37:28,302 INFO [hulva.luva.demo.networkFramework.netty.demo.demo2.HttpServerInboundHandler] - Uri: http://127.0.0.1:8844/
2017-06-07 13:37:28,305 INFO [hulva.luva.demo.networkFramework.netty.demo.demo2.HttpServerInboundHandler] - Are you OK?
2017-06-07 13:37:38,200 WARN [io.netty.channel.DefaultChannelPipeline] - An exceptionCaught() event was fired, and it reached at the tail of the pipeline. It usually means the last handler in the pipeline did not handle the exception.
java.io.IOException: An existing connection was forcibly closed by the remote host
	at sun.nio.ch.SocketDispatcher.read0(Native Method)
	at sun.nio.ch.SocketDispatcher.read(SocketDispatcher.java:43)
	at sun.nio.ch.IOUtil.readIntoNativeBuffer(IOUtil.java:223)
	at sun.nio.ch.IOUtil.read(IOUtil.java:192)
	at sun.nio.ch.SocketChannelImpl.read(SocketChannelImpl.java:380)
	at io.netty.buffer.PooledUnsafeDirectByteBuf.setBytes(PooledUnsafeDirectByteBuf.java:288)
	at io.netty.buffer.AbstractByteBuf.writeBytes(AbstractByteBuf.java:1100)
	at io.netty.channel.socket.nio.NioSocketChannel.doReadBytes(NioSocketChannel.java:367)
	at io.netty.channel.nio.AbstractNioByteChannel$NioByteUnsafe.read(AbstractNioByteChannel.java:118)
	at io.netty.channel.nio.NioEventLoop.processSelectedKey(NioEventLoop.java:642)
	at io.netty.channel.nio.NioEventLoop.processSelectedKeysOptimized(NioEventLoop.java:565)
	at io.netty.channel.nio.NioEventLoop.processSelectedKeys(NioEventLoop.java:479)
	at io.netty.channel.nio.NioEventLoop.run(NioEventLoop.java:441)
	at io.netty.util.concurrent.SingleThreadEventExecutor$5.run(SingleThreadEventExecutor.java:858)
	at io.netty.util.concurrent.DefaultThreadFactory$DefaultRunnableDecorator.run(DefaultThreadFactory.java:144)
	at java.lang.Thread.run(Thread.java:745)
